[Error]   ERR – "Ignoring terminal.integrated.initialHint.copilotCli as terminal.integrated.initialHint is true"
	(anonymous function) (console-interceptor.js:75)
	(anonymous function) (user-script:9:83)
	error (log.js:243)
	error (log.js:328)
	error (logService.js:31)
	addToValueTree (configuration.js:95)
	updateValue (configurationModels.js:231)
	setValue (configurationModels.js:217)
	updateConfigurationModel (configurations.js:64)
	resetConfigurationModel (configurations.js:54)
	initialize (configurations.js:36)
	initialize (configurations.js:35)
[Error] Failed to load resource: the server responded with a status of 404 (Not Found) (Gmd1xrda8AI7W6c-2.jpeg-, line 0)
[Error]   ERR – "Extension 'ms-python.vscode-python-envs CANNOT USE these API proposals 'terminalShellEnv, terminalDataWriteEvent, taskExecutionTerminal'…"
"Extension 'ms-python.vscode-python-envs CANNOT USE these API proposals 'terminalShellEnv, terminalDataWriteEvent, taskExecutionTerminal'. You MUST start in extension development mode or use the --enable-proposed-api command line flag"
	(anonymous function) (console-interceptor.js:75)
	(anonymous function) (user-script:9:83)
	error (log.js:243)
	error (log.js:328)
	error (logService.js:31)
	doUpdateEnabledApiProposals (extensionsProposedApi.js:86)
	updateEnabledApiProposals (extensionsProposedApi.js:49)
	checkEnabledAndProposedAPI (abstractExtensionService.js:1149)
	_resolveAndProcessExtensions (abstractExtensionService.js:423)
[Error]   ERR – "Ignoring python.analysis.indexing.followSymlinkedFolders as python.analysis.indexing is true"
	(anonymous function) (console-interceptor.js:75)
	(anonymous function) (user-script:9:83)
	error (log.js:243)
	error (log.js:328)
	error (logService.js:31)
	addToValueTree (configuration.js:95)
	updateValue (configurationModels.js:231)
	setValue (configurationModels.js:217)
	updateConfigurationModel (configurations.js:64)
	onDidUpdateConfiguration (configurations.js:45)
	onDidUpdateConfiguration (configuration.js:64)
	_deliver (event.js:788)
	_deliverQueue (event.js:797)
	fire (event.js:817)
	deltaConfiguration (configurationRegistry.js:286)
	(anonymous function) (configurationExtensionPoint.js:295)
	_handle (extensionsRegistry.js:93)
	acceptUsers (extensionsRegistry.js:86)
	_handleExtensionPoint (abstractExtensionService.js:983)
	_doHandleExtensionPoints (abstractExtensionService.js:932)
	_resolveAndProcessExtensions (abstractExtensionService.js:459)
[Error]   ERR – "Ignoring terminal.integrated.initialHint.copilotCli as terminal.integrated.initialHint is true"
	(anonymous function) (console-interceptor.js:75)
	(anonymous function) (user-script:9:83)
	error (log.js:243)
	error (log.js:328)
	error (logService.js:31)
	addToValueTree (configuration.js:95)
	updateValue (configurationModels.js:231)
	setValue (configurationModels.js:217)
	updateConfigurationModel (configurations.js:64)
	resetConfigurationModel (configurations.js:54)
	reload (configurations.js:41)
	reloadDefaultConfiguration (configurationService.js:502)
	reloadConfiguration (configurationService.js:290)
	reloadConfiguration (configurationService.js:275)
	updateDefaults (configurationService.js:1163)
[Error]   ERR – "Ignoring python.analysis.indexing.followSymlinkedFolders as python.analysis.indexing is true"
	(anonymous function) (console-interceptor.js:75)
	(anonymous function) (user-script:9:83)
	error (log.js:243)
	error (log.js:328)
	error (logService.js:31)
	addToValueTree (configuration.js:95)
	updateValue (configurationModels.js:231)
	setValue (configurationModels.js:217)
	updateConfigurationModel (configurations.js:64)
	resetConfigurationModel (configurations.js:54)
	reload (configurations.js:41)
	reloadDefaultConfiguration (configurationService.js:502)
	reloadConfiguration (configurationService.js:290)
	reloadConfiguration (configurationService.js:275)
	updateDefaults (configurationService.js:1163)
[Error] Failed to load resource: the server responded with a status of 404 (Not Found) (main.js.map, line 0)
[Error]   ERR – "Update check failed: Update check failed: Could not fetch a valid release JSON from the remote"
	(anonymous function) (console-interceptor.js:75)
	(anonymous function) (user-script:9:83)
	error (log.js:243)
	error (log.js:328)
	error (logService.js:31)
	checkForUpdates (updateService.js:180)
[Error] [Extension Host]%undefined – {}
	(anonymous function) (console-interceptor.js:75)
	(anonymous function) (user-script:9:83)
	log (console.js:73)
	$logExtensionHostMessage (mainThreadConsole.js:33)
	_invokeHandler (rpcProtocol.js:357)
	_receiveRequest (rpcProtocol.js:300)
	_receiveOneMessage (rpcProtocol.js:229)
	_deliver (event.js:788)
	fire (event.js:813)
	fire (ipc.net.js:427)
	_receiveMessage (ipc.net.js:686)
	_deliver (event.js:788)
	fire (event.js:813)
	acceptChunk (ipc.net.js:249)
	handler (tauriExtHostSocket.js:20)
[Error] [Extension Host]%undefined – {}
	(anonymous function) (console-interceptor.js:75)
	(anonymous function) (user-script:9:83)
	log (console.js:73)
	$logExtensionHostMessage (mainThreadConsole.js:33)
	_invokeHandler (rpcProtocol.js:357)
	_receiveRequest (rpcProtocol.js:300)
	_receiveOneMessage (rpcProtocol.js:229)
	_deliver (event.js:788)
	fire (event.js:813)
	fire (ipc.net.js:427)
	_receiveMessage (ipc.net.js:686)
	_deliver (event.js:788)
	fire (event.js:813)
	acceptChunk (ipc.net.js:249)
	handler (tauriExtHostSocket.js:20)
